INFO: 2017/01/30 10:34:45  main.go :50: Configuration: [
					Logger:Trace
					DataSourceName:auth.db
					LogFileName:auth.log
					Expire_in_token_in_hour:24ns
					HttpHostUrl:10.194.7.156:8088
					ReadTimeout:5s
					WriteTimeout:10s
					HandlerTimeout:12s
					HLTimeout:10s
					DeployTimeout:7s
					TransactionTimeout:5s]
TRACE: 2017/01/30 10:34:45  initDB.go :23: InitBDD() : calling method -
TRACE: 2017/01/30 10:34:45  initDB.go :30: DropTables() : calling method -
TRACE: 2017/01/30 10:34:45  initDB.go :54: CreateTables() : calling method -
TRACE: 2017/01/30 10:34:45  initDB.go :78: InitTables() : calling method -
TRACE: 2017/01/30 10:34:45  initDB.go :94: CreateInitialAdmin() : calling method -
TRACE: 2017/01/30 10:34:45  userDB.go :26: CreateUser() : calling method -
TRACE: 2017/01/30 10:34:45  uuid.go :25: Generate_uuid() : calling method -
TRACE: 2017/01/30 10:34:45  uuid.go :29: generated UID: 74907ABE-B248-6AB3-D63B-068124DF5796
TRACE: 2017/01/30 10:34:46  initDB.go :104: CreateInitialRoles() : calling method -
TRACE: 2017/01/30 10:34:46  roleDB.go :24: CreateRole(None) : calling method -
TRACE: 2017/01/30 10:34:46  roleDB.go :24: CreateRole(Administrator) : calling method -
TRACE: 2017/01/30 10:34:46  roleDB.go :24: CreateRole(Superuser) : calling method -
TRACE: 2017/01/30 10:34:46  roleDB.go :24: CreateRole(user) : calling method -
TRACE: 2017/01/30 10:34:46  initDB.go :133: CreateInitialPermissions() : calling method -
TRACE: 2017/01/30 10:34:46  permissionDB.go :25: CreatePermission() : calling method -
TRACE: 2017/01/30 10:34:46  permissionDB.go :25: CreatePermission() : calling method -
TRACE: 2017/01/30 10:34:46  permissionDB.go :25: CreatePermission() : calling method -
TRACE: 2017/01/30 10:34:46  permissionDB.go :25: CreatePermission() : calling method -
TRACE: 2017/01/30 10:34:46  permissionDB.go :25: CreatePermission() : calling method -
TRACE: 2017/01/30 10:34:46  permissionDB.go :25: CreatePermission() : calling method -
TRACE: 2017/01/30 10:34:46  permissionDB.go :25: CreatePermission() : calling method -
TRACE: 2017/01/30 10:34:46  permissionDB.go :25: CreatePermission() : calling method -
TRACE: 2017/01/30 10:34:46  permissionDB.go :25: CreatePermission() : calling method -
TRACE: 2017/01/30 10:34:46  permissionDB.go :25: CreatePermission() : calling method -
TRACE: 2017/01/30 10:34:46  permissionDB.go :25: CreatePermission() : calling method -
TRACE: 2017/01/30 10:34:46  permissionDB.go :25: CreatePermission() : calling method -
TRACE: 2017/01/30 10:34:46  permissionDB.go :25: CreatePermission() : calling method -
TRACE: 2017/01/30 10:34:46  permissionDB.go :25: CreatePermission() : calling method -
TRACE: 2017/01/30 10:34:46  permissionDB.go :25: CreatePermission() : calling method -
TRACE: 2017/01/30 10:34:46  permissionDB.go :25: CreatePermission() : calling method -
TRACE: 2017/01/30 10:34:46  permissionDB.go :25: CreatePermission() : calling method -
TRACE: 2017/01/30 10:34:46  permissionDB.go :25: CreatePermission() : calling method -
TRACE: 2017/01/30 10:34:46  permissionDB.go :25: CreatePermission() : calling method -
TRACE: 2017/01/30 10:34:46  router.go :41: createRoutes() : calling method -
INFO: 2017/01/30 10:34:46  main.go :72: Listening on: 10.194.7.156:8088
TRACE: 2017/01/30 10:38:37  versionHandler.go :29: getVersion() : calling method -
TRACE: 2017/01/30 10:38:40  tokenHandler.go :27: getToken() : calling method -
TRACE: 2017/01/30 10:38:40  userDB.go :64: GetUserByCredentials(admin) : calling method -
TRACE: 2017/01/30 10:38:40  roleDB.go :48: GetRole(1) : calling method -
TRACE: 2017/01/30 10:38:40  permissionDB.go :117: IsPermitted4User() : calling method -
TRACE: 2017/01/30 10:38:40  permissionDB.go :49: GetPermission(1  getToken) : calling method -
TRACE: 2017/01/30 10:38:40  logDB.go :24: CreateLog() : calling method -
TRACE: 2017/01/30 10:38:40  tokenHandler.go :64: The user: admin is granted to get a token
TRACE: 2017/01/30 10:38:40  tokenDB.go :25: CreateToken() : calling method -
TRACE: 2017/01/30 10:38:40  uuid.go :34: Generate_Token() : calling method -
TRACE: 2017/01/30 10:38:40  tokenHandler.go :77: create token:{"Token":"2e0cc002e7c23c5525ae3926ba92c0b066b86833","Expires_in":"2017-01-31T10:38:40.83577231+01:00"}
TRACE: 2017/01/30 10:38:40  http_utils.go :36: buildHttp201Response() : calling method -
TRACE: 2017/01/30 10:38:40  http_utils.go :46: buildHttpResponse() : calling method -
TRACE: 2017/01/30 10:38:45  userHandler.go :26: registerUser() : calling method -
TRACE: 2017/01/30 10:38:45  tokenHandler.go :82: checkPermissionFromToken() : calling method -
TRACE: 2017/01/30 10:38:45  tokenHandler.go :96: extractTokenFromHeader() : calling method -
TRACE: 2017/01/30 10:38:45  permissionDB.go :85: IsAuthorized4Token() : calling method -
TRACE: 2017/01/30 10:38:45  tokenDB.go :54: GetToken() : calling method -
TRACE: 2017/01/30 10:38:45  tokenDB.go :70: IsValid() : calling method -
TRACE: 2017/01/30 10:38:45  tokenDB.go :71: token Expire_in:2017-01-31 10:38:40.83577231 +0100 +0100  now:2017-01-30 10:38:45.311288062 +0100 CET
TRACE: 2017/01/30 10:38:45  userDB.go :106: GetUser() : calling method -
TRACE: 2017/01/30 10:38:45  roleDB.go :48: GetRole(1) : calling method -
TRACE: 2017/01/30 10:38:45  permissionDB.go :117: IsPermitted4User() : calling method -
TRACE: 2017/01/30 10:38:45  permissionDB.go :49: GetPermission(1  registerUser) : calling method -
TRACE: 2017/01/30 10:38:45  logDB.go :24: CreateLog() : calling method -
TRACE: 2017/01/30 10:38:45  permissionDB.go :108: The user: admin is granted to access to the resource: registerUser
TRACE: 2017/01/30 10:38:45  userDB.go :26: CreateUser() : calling method -
TRACE: 2017/01/30 10:38:45  uuid.go :25: Generate_uuid() : calling method -
TRACE: 2017/01/30 10:38:45  uuid.go :29: generated UID: 58A39B17-B6C2-309D-7FB9-5E690035D1B4
TRACE: 2017/01/30 10:38:45  userHandler.go :66: register user:{"id":"58A39B17-B6C2-309D-7FB9-5E690035D1B4","username":"pascal","lastname":"limeux","firstname":"pascal","email":"pascal.limeux@orange.com","password":null,"created_at":"2017-01-30T10:38:45.400849536+01:00","updated_at":"2017-01-30T10:38:45.400849715+01:00","activated":true,"role_id":3}
TRACE: 2017/01/30 10:38:45  http_utils.go :36: buildHttp201Response() : calling method -
TRACE: 2017/01/30 10:38:45  http_utils.go :46: buildHttpResponse() : calling method -
TRACE: 2017/01/30 10:38:48  tokenHandler.go :27: getToken() : calling method -
TRACE: 2017/01/30 10:38:48  userDB.go :64: GetUserByCredentials(pascal) : calling method -
TRACE: 2017/01/30 10:38:48  roleDB.go :48: GetRole(3) : calling method -
TRACE: 2017/01/30 10:38:48  permissionDB.go :117: IsPermitted4User() : calling method -
TRACE: 2017/01/30 10:38:48  permissionDB.go :49: GetPermission(3  getToken) : calling method -
TRACE: 2017/01/30 10:38:48  logDB.go :24: CreateLog() : calling method -
TRACE: 2017/01/30 10:38:48  tokenHandler.go :64: The user: pascal is granted to get a token
TRACE: 2017/01/30 10:38:48  tokenDB.go :25: CreateToken() : calling method -
TRACE: 2017/01/30 10:38:48  uuid.go :34: Generate_Token() : calling method -
TRACE: 2017/01/30 10:38:48  tokenHandler.go :77: create token:{"Token":"56a444eee737e97ac6da03990de26c4160336ce3","Expires_in":"2017-01-31T10:38:48.546665116+01:00"}
TRACE: 2017/01/30 10:38:48  http_utils.go :36: buildHttp201Response() : calling method -
TRACE: 2017/01/30 10:38:48  http_utils.go :46: buildHttpResponse() : calling method -
TRACE: 2017/01/30 10:38:50  userHandler.go :90: getUsers() : calling method -
TRACE: 2017/01/30 10:38:50  tokenHandler.go :82: checkPermissionFromToken() : calling method -
TRACE: 2017/01/30 10:38:50  tokenHandler.go :96: extractTokenFromHeader() : calling method -
TRACE: 2017/01/30 10:38:50  permissionDB.go :85: IsAuthorized4Token() : calling method -
TRACE: 2017/01/30 10:38:50  tokenDB.go :54: GetToken() : calling method -
TRACE: 2017/01/30 10:38:50  tokenDB.go :70: IsValid() : calling method -
TRACE: 2017/01/30 10:38:50  tokenDB.go :71: token Expire_in:2017-01-31 10:38:40.83577231 +0100 +0100  now:2017-01-30 10:38:50.870577165 +0100 CET
TRACE: 2017/01/30 10:38:50  userDB.go :106: GetUser() : calling method -
TRACE: 2017/01/30 10:38:50  roleDB.go :48: GetRole(1) : calling method -
TRACE: 2017/01/30 10:38:50  permissionDB.go :117: IsPermitted4User() : calling method -
TRACE: 2017/01/30 10:38:50  permissionDB.go :49: GetPermission(1  getUsers) : calling method -
TRACE: 2017/01/30 10:38:50  logDB.go :24: CreateLog() : calling method -
TRACE: 2017/01/30 10:38:50  permissionDB.go :108: The user: admin is granted to access to the resource: getUsers
TRACE: 2017/01/30 10:38:50  userDB.go :84: GetUsers() : calling method -
TRACE: 2017/01/30 10:38:50  http_utils.go :41: buildHttp200Response() : calling method -
TRACE: 2017/01/30 10:38:50  http_utils.go :46: buildHttpResponse() : calling method -
TRACE: 2017/01/30 10:38:55  userHandler.go :72: getUser() : calling method -
TRACE: 2017/01/30 10:38:55  tokenHandler.go :82: checkPermissionFromToken() : calling method -
TRACE: 2017/01/30 10:38:55  tokenHandler.go :96: extractTokenFromHeader() : calling method -
TRACE: 2017/01/30 10:38:55  permissionDB.go :85: IsAuthorized4Token() : calling method -
TRACE: 2017/01/30 10:38:55  tokenDB.go :54: GetToken() : calling method -
TRACE: 2017/01/30 10:38:55  tokenDB.go :70: IsValid() : calling method -
TRACE: 2017/01/30 10:38:55  tokenDB.go :71: token Expire_in:2017-01-31 10:38:48.546665116 +0100 +0100  now:2017-01-30 10:38:55.043610091 +0100 CET
TRACE: 2017/01/30 10:38:55  userDB.go :106: GetUser() : calling method -
TRACE: 2017/01/30 10:38:55  roleDB.go :48: GetRole(3) : calling method -
TRACE: 2017/01/30 10:38:55  permissionDB.go :117: IsPermitted4User() : calling method -
TRACE: 2017/01/30 10:38:55  permissionDB.go :49: GetPermission(3  getUser) : calling method -
TRACE: 2017/01/30 10:38:55  logDB.go :24: CreateLog() : calling method -
TRACE: 2017/01/30 10:38:55  permissionDB.go :108: The user: pascal is granted to access to the resource: getUser
TRACE: 2017/01/30 10:38:55  userDB.go :106: GetUser() : calling method -
TRACE: 2017/01/30 10:38:55  http_utils.go :41: buildHttp200Response() : calling method -
TRACE: 2017/01/30 10:38:55  http_utils.go :46: buildHttpResponse() : calling method -
TRACE: 2017/01/30 10:38:58  userHandler.go :107: updateUser() : calling method -
TRACE: 2017/01/30 10:38:58  tokenHandler.go :82: checkPermissionFromToken() : calling method -
TRACE: 2017/01/30 10:38:58  tokenHandler.go :96: extractTokenFromHeader() : calling method -
TRACE: 2017/01/30 10:38:58  permissionDB.go :85: IsAuthorized4Token() : calling method -
TRACE: 2017/01/30 10:38:58  tokenDB.go :54: GetToken() : calling method -
TRACE: 2017/01/30 10:38:58  tokenDB.go :70: IsValid() : calling method -
TRACE: 2017/01/30 10:38:58  tokenDB.go :71: token Expire_in:2017-01-31 10:38:48.546665116 +0100 +0100  now:2017-01-30 10:38:58.269859792 +0100 CET
TRACE: 2017/01/30 10:38:58  userDB.go :106: GetUser() : calling method -
TRACE: 2017/01/30 10:38:58  roleDB.go :48: GetRole(3) : calling method -
TRACE: 2017/01/30 10:38:58  permissionDB.go :117: IsPermitted4User() : calling method -
TRACE: 2017/01/30 10:38:58  permissionDB.go :49: GetPermission(3  updateUser) : calling method -
TRACE: 2017/01/30 10:38:58  logDB.go :24: CreateLog() : calling method -
TRACE: 2017/01/30 10:38:58  permissionDB.go :108: The user: pascal is granted to access to the resource: updateUser
TRACE: 2017/01/30 10:38:58  userDB.go :123: PutUser(id=58A39B17-B6C2-309D-7FB9-5E690035D1B4) : calling method -
TRACE: 2017/01/30 10:38:58  userDB.go :106: GetUser() : calling method -
TRACE: 2017/01/30 10:38:58  userHandler.go :135: updated user:{"id":"58A39B17-B6C2-309D-7FB9-5E690035D1B4","username":"pascal","lastname":"limeux2","firstname":"pascal2","email":"pascal.limeux@orange.com","password":null,"created_at":"2017-01-30T10:38:45.400849536+01:00","updated_at":"2017-01-30T10:38:58.361387321+01:00","activated":true,"role_id":3}
TRACE: 2017/01/30 10:38:58  http_utils.go :41: buildHttp200Response() : calling method -
TRACE: 2017/01/30 10:38:58  http_utils.go :46: buildHttpResponse() : calling method -
TRACE: 2017/01/30 10:39:00  roleHandler.go :75: getRoles() : calling method -
TRACE: 2017/01/30 10:39:00  tokenHandler.go :82: checkPermissionFromToken() : calling method -
TRACE: 2017/01/30 10:39:00  tokenHandler.go :96: extractTokenFromHeader() : calling method -
TRACE: 2017/01/30 10:39:00  permissionDB.go :85: IsAuthorized4Token() : calling method -
TRACE: 2017/01/30 10:39:00  tokenDB.go :54: GetToken() : calling method -
TRACE: 2017/01/30 10:39:00  tokenDB.go :70: IsValid() : calling method -
TRACE: 2017/01/30 10:39:00  tokenDB.go :71: token Expire_in:2017-01-31 10:38:40.83577231 +0100 +0100  now:2017-01-30 10:39:00.97922 +0100 CET
TRACE: 2017/01/30 10:39:00  userDB.go :106: GetUser() : calling method -
TRACE: 2017/01/30 10:39:00  roleDB.go :48: GetRole(1) : calling method -
TRACE: 2017/01/30 10:39:00  permissionDB.go :117: IsPermitted4User() : calling method -
TRACE: 2017/01/30 10:39:00  permissionDB.go :49: GetPermission(1  getRoles) : calling method -
TRACE: 2017/01/30 10:39:00  logDB.go :24: CreateLog() : calling method -
TRACE: 2017/01/30 10:39:00  permissionDB.go :108: The user: admin is granted to access to the resource: getRoles
TRACE: 2017/01/30 10:39:00  roleDB.go :64: GetRoles() : calling method -
TRACE: 2017/01/30 10:39:00  http_utils.go :41: buildHttp200Response() : calling method -
TRACE: 2017/01/30 10:39:00  http_utils.go :46: buildHttpResponse() : calling method -
TRACE: 2017/01/30 10:39:03  userHandler.go :141: deleteUser() : calling method -
TRACE: 2017/01/30 10:39:03  tokenHandler.go :82: checkPermissionFromToken() : calling method -
TRACE: 2017/01/30 10:39:03  tokenHandler.go :96: extractTokenFromHeader() : calling method -
TRACE: 2017/01/30 10:39:03  permissionDB.go :85: IsAuthorized4Token() : calling method -
TRACE: 2017/01/30 10:39:03  tokenDB.go :54: GetToken() : calling method -
TRACE: 2017/01/30 10:39:03  tokenDB.go :70: IsValid() : calling method -
TRACE: 2017/01/30 10:39:03  tokenDB.go :71: token Expire_in:2017-01-31 10:38:40.83577231 +0100 +0100  now:2017-01-30 10:39:03.930006015 +0100 CET
TRACE: 2017/01/30 10:39:03  userDB.go :106: GetUser() : calling method -
TRACE: 2017/01/30 10:39:03  roleDB.go :48: GetRole(1) : calling method -
TRACE: 2017/01/30 10:39:03  permissionDB.go :117: IsPermitted4User() : calling method -
TRACE: 2017/01/30 10:39:03  permissionDB.go :49: GetPermission(1  deleteUser) : calling method -
TRACE: 2017/01/30 10:39:03  logDB.go :24: CreateLog() : calling method -
TRACE: 2017/01/30 10:39:03  permissionDB.go :108: The user: admin is granted to access to the resource: deleteUser
TRACE: 2017/01/30 10:39:03  userDB.go :171: UnactivateUser() : calling method -
TRACE: 2017/01/30 10:39:03  http_utils.go :58: buildHttp204Response() : calling method -
TRACE: 2017/01/30 10:39:06  logHandler.go :44: getLogs() : calling method -
TRACE: 2017/01/30 10:39:06  tokenHandler.go :82: checkPermissionFromToken() : calling method -
TRACE: 2017/01/30 10:39:06  tokenHandler.go :96: extractTokenFromHeader() : calling method -
TRACE: 2017/01/30 10:39:06  permissionDB.go :85: IsAuthorized4Token() : calling method -
TRACE: 2017/01/30 10:39:06  tokenDB.go :54: GetToken() : calling method -
TRACE: 2017/01/30 10:39:06  tokenDB.go :70: IsValid() : calling method -
TRACE: 2017/01/30 10:39:06  tokenDB.go :71: token Expire_in:2017-01-31 10:38:40.83577231 +0100 +0100  now:2017-01-30 10:39:06.178943266 +0100 CET
TRACE: 2017/01/30 10:39:06  userDB.go :106: GetUser() : calling method -
TRACE: 2017/01/30 10:39:06  roleDB.go :48: GetRole(1) : calling method -
TRACE: 2017/01/30 10:39:06  permissionDB.go :117: IsPermitted4User() : calling method -
TRACE: 2017/01/30 10:39:06  permissionDB.go :49: GetPermission(1  getLogs) : calling method -
TRACE: 2017/01/30 10:39:06  logDB.go :24: CreateLog() : calling method -
TRACE: 2017/01/30 10:39:06  permissionDB.go :108: The user: admin is granted to access to the resource: getLogs
TRACE: 2017/01/30 10:39:06  date.go :24: DateParse() : calling method for: 2017-01-20
TRACE: 2017/01/30 10:39:06  date.go :24: DateParse() : calling method for: 2017-01-29
TRACE: 2017/01/30 10:39:06  logDB.go :68: GetLog4Period() : calling method -
TRACE: 2017/01/30 10:39:06  http_utils.go :41: buildHttp200Response() : calling method -
TRACE: 2017/01/30 10:39:06  http_utils.go :46: buildHttpResponse() : calling method -
TRACE: 2017/01/30 10:39:19  logHandler.go :27: getLogs() : calling method -
TRACE: 2017/01/30 10:39:19  tokenHandler.go :82: checkPermissionFromToken() : calling method -
TRACE: 2017/01/30 10:39:19  tokenHandler.go :96: extractTokenFromHeader() : calling method -
TRACE: 2017/01/30 10:39:19  permissionDB.go :85: IsAuthorized4Token() : calling method -
TRACE: 2017/01/30 10:39:19  tokenDB.go :54: GetToken() : calling method -
TRACE: 2017/01/30 10:39:19  tokenDB.go :70: IsValid() : calling method -
TRACE: 2017/01/30 10:39:19  tokenDB.go :71: token Expire_in:2017-01-31 10:38:40.83577231 +0100 +0100  now:2017-01-30 10:39:19.973225156 +0100 CET
TRACE: 2017/01/30 10:39:19  userDB.go :106: GetUser() : calling method -
TRACE: 2017/01/30 10:39:19  roleDB.go :48: GetRole(1) : calling method -
TRACE: 2017/01/30 10:39:19  permissionDB.go :117: IsPermitted4User() : calling method -
TRACE: 2017/01/30 10:39:19  permissionDB.go :49: GetPermission(1  getLogs) : calling method -
TRACE: 2017/01/30 10:39:19  logDB.go :24: CreateLog() : calling method -
TRACE: 2017/01/30 10:39:19  permissionDB.go :108: The user: admin is granted to access to the resource: getLogs
TRACE: 2017/01/30 10:39:19  logDB.go :48: GetLogs() : calling method -
TRACE: 2017/01/30 10:39:19  http_utils.go :41: buildHttp200Response() : calling method -
TRACE: 2017/01/30 10:39:19  http_utils.go :46: buildHttpResponse() : calling method -
